2025-06-28T11:30:39.716+08:00  INFO 95142 --- [main] o.s.a.m.s.server.McpServerApplication    : Starting McpServerApplication using Java 22.0.1 with PID 95142 (/Users/asher/gitWorkspace/starter-stdio-server/target/classes started by asher in /Users/asher/gitWorkspace/starter-stdio-server)
2025-06-28T11:30:39.717+08:00  INFO 95142 --- [main] o.s.a.m.s.server.McpServerApplication    : No active profile set, falling back to 1 default profile: "default"
2025-06-28T11:30:40.064+08:00  INFO 95142 --- [main] o.s.a.m.s.a.McpServerAutoConfiguration   : Enable tools capabilities, notification: true
2025-06-28T11:30:40.089+08:00  INFO 95142 --- [main] o.s.a.m.s.a.McpServerAutoConfiguration   : Registered tools: 2
2025-06-28T11:30:40.089+08:00  INFO 95142 --- [main] o.s.a.m.s.a.McpServerAutoConfiguration   : Enable resources capabilities, notification: true
2025-06-28T11:30:40.089+08:00  INFO 95142 --- [main] o.s.a.m.s.a.McpServerAutoConfiguration   : Enable prompts capabilities, notification: true
2025-06-28T11:30:40.089+08:00  INFO 95142 --- [main] o.s.a.m.s.a.McpServerAutoConfiguration   : Enable completions capabilities
2025-06-28T11:30:40.182+08:00  INFO 95142 --- [main] o.s.a.m.s.server.McpServerApplication    : Started McpServerApplication in 0.735 seconds (process running for 1.352)
2025-06-28T11:31:06.315+08:00 ERROR 95165 --- [main] o.s.b.d.LoggingFailureAnalysisReporter   : 

***************************
APPLICATION FAILED TO START
***************************

Description:

Failed to bind properties under 'spring.main.banner-mode' to org.springframework.boot.Banner$Mode:

    Property: spring.main.banner-mode
    Value: "on"
    Origin: class path resource [application.properties] - 5:25
    Reason: failed to convert java.lang.String to org.springframework.boot.Banner$Mode (caused by java.lang.IllegalArgumentException: No enum constant org.springframework.boot.Banner.Mode.on)

Action:

Update your application's configuration. The following values are valid:

    CONSOLE
    LOG
    OFF

2025-06-28T11:31:12.992+08:00  INFO 95180 --- [main] o.s.a.m.s.server.McpServerApplication    : Starting McpServerApplication using Java 22.0.1 with PID 95180 (/Users/asher/gitWorkspace/starter-stdio-server/target/classes started by asher in /Users/asher/gitWorkspace/starter-stdio-server)
2025-06-28T11:31:12.993+08:00  INFO 95180 --- [main] o.s.a.m.s.server.McpServerApplication    : No active profile set, falling back to 1 default profile: "default"
2025-06-28T11:31:13.382+08:00  INFO 95180 --- [main] o.s.a.m.s.a.McpServerAutoConfiguration   : Enable tools capabilities, notification: true
2025-06-28T11:31:13.408+08:00  INFO 95180 --- [main] o.s.a.m.s.a.McpServerAutoConfiguration   : Registered tools: 2
2025-06-28T11:31:13.408+08:00  INFO 95180 --- [main] o.s.a.m.s.a.McpServerAutoConfiguration   : Enable resources capabilities, notification: true
2025-06-28T11:31:13.408+08:00  INFO 95180 --- [main] o.s.a.m.s.a.McpServerAutoConfiguration   : Enable prompts capabilities, notification: true
2025-06-28T11:31:13.408+08:00  INFO 95180 --- [main] o.s.a.m.s.a.McpServerAutoConfiguration   : Enable completions capabilities
2025-06-28T11:31:13.504+08:00  INFO 95180 --- [main] o.s.a.m.s.server.McpServerApplication    : Started McpServerApplication in 0.682 seconds (process running for 0.994)
